app/build/intermediates/manifest_merge_blame_file/debug/processDebugMainManifest/manifest-merger-blame-debug-report.txt
1<?xml version="1.0" encoding="utf-8"?>
2<manifest xmlns:android="http://schemas.android.com/apk/res/android"
3    package="com.example.mycalendar2026sar"
4    android:versionCode="1"
5    android:versionName="1.0" >
6
7    <uses-sdk
7-->INJECTED
8        android:minSdkVersion="31"
8-->INJECTED
9        android:targetSdkVersion="36" />
9-->INJECTED
10
11    <uses-permission android:name="android.permission.POST_NOTIFICATIONS" />
11-->src\main\AndroidManifest.xml:4:5-77
11-->src\main\AndroidManifest.xml:4:22-74
12    <uses-permission android:name="android.permission.SCHEDULE_EXACT_ALARM" />
12-->src\main\AndroidManifest.xml:5:5-79
12-->src\main\AndroidManifest.xml:5:22-76
13    <uses-permission android:name="android.permission.USE_EXACT_ALARM" />
13-->src\main\AndroidManifest.xml:6:5-74
13-->src\main\AndroidManifest.xml:6:22-71
14    <uses-permission android:name="android.permission.FOREGROUND_SERVICE" />
14-->src\main\AndroidManifest.xml:7:5-77
14-->src\main\AndroidManifest.xml:7:22-74
15    <uses-permission android:name="android.permission.FOREGROUND_SERVICE_SPECIAL_USE" />
15-->src\main\AndroidManifest.xml:8:5-89
15-->src\main\AndroidManifest.xml:8:22-86
16    <uses-permission android:name="android.permission.CAMERA" />
16-->src\main\AndroidManifest.xml:9:5-65
16-->src\main\AndroidManifest.xml:9:22-62
17
18    <uses-feature
18-->src\main\AndroidManifest.xml:10:5-85
19        android:name="android.hardware.camera"
19-->src\main\AndroidManifest.xml:10:19-57
20        android:required="false" />
20-->src\main\AndroidManifest.xml:10:58-82
21
22    <uses-permission android:name="android.permission.USE_BIOMETRIC" /> <!-- suppress DeprecatedClassUsageInspection -->
22-->[androidx.biometric:biometric:1.1.0] AndroidManifest.xml:24:5-72
22-->[androidx.biometric:biometric:1.1.0] AndroidManifest.xml:24:22-69
23    <uses-permission android:name="android.permission.USE_FINGERPRINT" />
23-->[androidx.biometric:biometric:1.1.0] AndroidManifest.xml:27:5-74
23-->[androidx.biometric:biometric:1.1.0] AndroidManifest.xml:27:22-71
24
25    <permission
25-->[androidx.core:core:1.18.0] AndroidManifest.xml:22:5-24:47
26        android:name="com.example.mycalendar2026sar.DYNAMIC_RECEIVER_NOT_EXPORTED_PERMISSION"
26-->[androidx.core:core:1.18.0] AndroidManifest.xml:23:9-81
27        android:protectionLevel="signature" />
27-->[androidx.core:core:1.18.0] AndroidManifest.xml:24:9-44
28
29    <uses-permission android:name="com.example.mycalendar2026sar.DYNAMIC_RECEIVER_NOT_EXPORTED_PERMISSION" />
29-->[androidx.core:core:1.18.0] AndroidManifest.xml:26:5-97
29-->[androidx.core:core:1.18.0] AndroidManifest.xml:26:22-94
30
31    <application
31-->src\main\AndroidManifest.xml:12:5-97:19
32        android:allowBackup="true"
32-->src\main\AndroidManifest.xml:13:9-35
33        android:appComponentFactory="androidx.core.app.CoreComponentFactory"
33-->[androidx.core:core:1.18.0] AndroidManifest.xml:28:18-86
34        android:dataExtractionRules="@xml/data_extraction_rules"
34-->src\main\AndroidManifest.xml:14:9-65
35        android:debuggable="true"
36        android:enableOnBackInvokedCallback="true"
36-->src\main\AndroidManifest.xml:21:9-51
37        android:extractNativeLibs="false"
37-->INJECTED
38        android:fullBackupContent="@xml/backup_rules"
38-->src\main\AndroidManifest.xml:15:9-54
39        android:icon="@mipmap/ic_launcher"
39-->src\main\AndroidManifest.xml:16:9-43
40        android:label="@string/app_name"
40-->src\main\AndroidManifest.xml:17:9-41
41        android:roundIcon="@mipmap/ic_launcher_round"
41-->src\main\AndroidManifest.xml:18:9-54
42        android:supportsRtl="true"
42-->src\main\AndroidManifest.xml:19:9-35
43        android:testOnly="true"
44        android:theme="@style/Theme.MyCalendar2026SAR" >
44-->src\main\AndroidManifest.xml:20:9-55
45        <activity
45-->src\main\AndroidManifest.xml:22:9-31:20
46            android:name="com.example.mycalendar2026sar.MainActivity"
46-->src\main\AndroidManifest.xml:23:13-41
47            android:exported="true"
47-->src\main\AndroidManifest.xml:24:13-36
48            android:windowSoftInputMode="adjustResize" >
48-->src\main\AndroidManifest.xml:25:13-55
49            <intent-filter>
49-->src\main\AndroidManifest.xml:26:13-30:29
50                <action android:name="android.intent.action.MAIN" />
50-->src\main\AndroidManifest.xml:27:17-69
50-->src\main\AndroidManifest.xml:27:25-66
51
52                <category android:name="android.intent.category.LAUNCHER" />
52-->src\main\AndroidManifest.xml:29:17-77
52-->src\main\AndroidManifest.xml:29:27-74
53            </intent-filter>
54        </activity>
55        <activity
55-->src\main\AndroidManifest.xml:32:9-35:62
56            android:name="com.example.mycalendar2026sar.SecureBoxActivity"
56-->src\main\AndroidManifest.xml:33:13-46
57            android:exported="false"
57-->src\main\AndroidManifest.xml:34:13-37
58            android:theme="@style/Theme.MyCalendar2026SAR" />
58-->src\main\AndroidManifest.xml:35:13-59
59        <activity
59-->src\main\AndroidManifest.xml:36:9-39:62
60            android:name="com.example.mycalendar2026sar.CategoryActivity"
60-->src\main\AndroidManifest.xml:37:13-45
61            android:exported="false"
61-->src\main\AndroidManifest.xml:38:13-37
62            android:theme="@style/Theme.MyCalendar2026SAR" />
62-->src\main\AndroidManifest.xml:39:13-59
63        <activity
63-->src\main\AndroidManifest.xml:40:9-43:62
64            android:name="com.example.mycalendar2026sar.ExpensesActivity"
64-->src\main\AndroidManifest.xml:41:13-45
65            android:exported="false"
65-->src\main\AndroidManifest.xml:42:13-37
66            android:theme="@style/Theme.MyCalendar2026SAR" />
66-->src\main\AndroidManifest.xml:43:13-59
67        <activity
67-->src\main\AndroidManifest.xml:44:9-47:62
68            android:name="com.example.mycalendar2026sar.AddTransactionActivity"
68-->src\main\AndroidManifest.xml:45:13-51
69            android:exported="false"
69-->src\main\AndroidManifest.xml:46:13-37
70            android:theme="@style/Theme.MyCalendar2026SAR" />
70-->src\main\AndroidManifest.xml:47:13-59
71        <activity
71-->src\main\AndroidManifest.xml:48:9-51:62
72            android:name="com.example.mycalendar2026sar.IncomeActivity"
72-->src\main\AndroidManifest.xml:49:13-43
73            android:exported="false"
73-->src\main\AndroidManifest.xml:50:13-37
74            android:theme="@style/Theme.MyCalendar2026SAR" />
74-->src\main\AndroidManifest.xml:51:13-59
75        <activity
75-->src\main\AndroidManifest.xml:52:9-55:62
76            android:name="com.example.mycalendar2026sar.ExpenseTypeActivity"
76-->src\main\AndroidManifest.xml:53:13-48
77            android:exported="false"
77-->src\main\AndroidManifest.xml:54:13-37
78            android:theme="@style/Theme.MyCalendar2026SAR" />
78-->src\main\AndroidManifest.xml:55:13-59
79        <activity
79-->src\main\AndroidManifest.xml:56:9-59:62
80            android:name="com.example.mycalendar2026sar.TransferActivity"
80-->src\main\AndroidManifest.xml:57:13-45
81            android:exported="false"
81-->src\main\AndroidManifest.xml:58:13-37
82            android:theme="@style/Theme.MyCalendar2026SAR" />
82-->src\main\AndroidManifest.xml:59:13-59
83        <activity
83-->src\main\AndroidManifest.xml:60:9-63:62
84            android:name="com.example.mycalendar2026sar.ImageEditorActivity"
84-->src\main\AndroidManifest.xml:61:13-48
85            android:exported="false"
85-->src\main\AndroidManifest.xml:62:13-37
86            android:theme="@style/Theme.MyCalendar2026SAR" />
86-->src\main\AndroidManifest.xml:63:13-59
87
88        <service
88-->src\main\AndroidManifest.xml:65:9-72:19
89            android:name="com.example.mycalendar2026sar.QuickNoteNotificationService"
89-->src\main\AndroidManifest.xml:66:13-57
90            android:enabled="true"
90-->src\main\AndroidManifest.xml:67:13-35
91            android:exported="false"
91-->src\main\AndroidManifest.xml:68:13-37
92            android:foregroundServiceType="specialUse" >
92-->src\main\AndroidManifest.xml:69:13-55
93            <property
93-->src\main\AndroidManifest.xml:70:13-71:71
94                android:name="android.app.PROPERTY_SPECIAL_USE_FGS_SUBTYPE"
94-->src\main\AndroidManifest.xml:70:23-82
95                android:value="Persistent UI for quick note taking" />
95-->src\main\AndroidManifest.xml:71:17-68
96        </service>
97
98        <receiver
98-->src\main\AndroidManifest.xml:74:9-79
99            android:name="com.example.mycalendar2026sar.ReminderReceiver"
99-->src\main\AndroidManifest.xml:74:19-51
100            android:exported="false" />
100-->src\main\AndroidManifest.xml:74:52-76
101        <receiver
101-->src\main\AndroidManifest.xml:76:9-86:20
102            android:name="com.example.mycalendar2026sar.CalendarWidget"
102-->src\main\AndroidManifest.xml:77:13-43
103            android:exported="false" >
103-->src\main\AndroidManifest.xml:78:13-37
104            <intent-filter>
104-->src\main\AndroidManifest.xml:79:13-81:29
105                <action android:name="android.appwidget.action.APPWIDGET_UPDATE" />
105-->src\main\AndroidManifest.xml:80:17-84
105-->src\main\AndroidManifest.xml:80:25-81
106            </intent-filter>
107
108            <meta-data
108-->src\main\AndroidManifest.xml:83:13-85:64
109                android:name="android.appwidget.provider"
109-->src\main\AndroidManifest.xml:84:17-58
110                android:resource="@xml/calendar_widget_info" />
110-->src\main\AndroidManifest.xml:85:17-61
111        </receiver>
112
113        <provider
113-->INJECTED
114            android:name="androidx.core.content.FileProvider"
114-->src\main\AndroidManifest.xml:89:13-62
115            android:authorities="com.example.mycalendar2026sar.fileprovider"
115-->INJECTED
116            android:exported="false"
116-->src\main\AndroidManifest.xml:91:13-37
117            android:grantUriPermissions="true" >
117-->src\main\AndroidManifest.xml:92:13-47
118            <meta-data
118-->src\main\AndroidManifest.xml:93:13-95:54
119                android:name="android.support.FILE_PROVIDER_PATHS"
119-->src\main\AndroidManifest.xml:94:17-67
120                android:resource="@xml/file_paths" />
120-->src\main\AndroidManifest.xml:95:17-51
121        </provider>
122        <provider
122-->[androidx.emoji2:emoji2:1.2.0] AndroidManifest.xml:24:9-32:20
123            android:name="androidx.startup.InitializationProvider"
123-->[androidx.emoji2:emoji2:1.2.0] AndroidManifest.xml:25:13-67
124            android:authorities="com.example.mycalendar2026sar.androidx-startup"
124-->[androidx.emoji2:emoji2:1.2.0] AndroidManifest.xml:26:13-68
125            android:exported="false" >
125-->[androidx.emoji2:emoji2:1.2.0] AndroidManifest.xml:27:13-37
126            <meta-data
126-->[androidx.emoji2:emoji2:1.2.0] AndroidManifest.xml:29:13-31:52
127                android:name="androidx.emoji2.text.EmojiCompatInitializer"
127-->[androidx.emoji2:emoji2:1.2.0] AndroidManifest.xml:30:17-75
128                android:value="androidx.startup" />
128-->[androidx.emoji2:emoji2:1.2.0] AndroidManifest.xml:31:17-49
129            <meta-data
129-->[androidx.lifecycle:lifecycle-process:2.6.2] AndroidManifest.xml:29:13-31:52
130                android:name="androidx.lifecycle.ProcessLifecycleInitializer"
130-->[androidx.lifecycle:lifecycle-process:2.6.2] AndroidManifest.xml:30:17-78
131                android:value="androidx.startup" />
131-->[androidx.lifecycle:lifecycle-process:2.6.2] AndroidManifest.xml:31:17-49
132            <meta-data
132-->[androidx.profileinstaller:profileinstaller:1.4.0] AndroidManifest.xml:29:13-31:52
133                android:name="androidx.profileinstaller.ProfileInstallerInitializer"
133-->[androidx.profileinstaller:profileinstaller:1.4.0] AndroidManifest.xml:30:17-85
134                android:value="androidx.startup" />
134-->[androidx.profileinstaller:profileinstaller:1.4.0] AndroidManifest.xml:31:17-49
135        </provider>
136
137        <receiver
137-->[androidx.profileinstaller:profileinstaller:1.4.0] AndroidManifest.xml:34:9-52:20
138            android:name="androidx.profileinstaller.ProfileInstallReceiver"
138-->[androidx.profileinstaller:profileinstaller:1.4.0] AndroidManifest.xml:35:13-76
139            android:directBootAware="false"
139-->[androidx.profileinstaller:profileinstaller:1.4.0] AndroidManifest.xml:36:13-44
140            android:enabled="true"
140-->[androidx.profileinstaller:profileinstaller:1.4.0] AndroidManifest.xml:37:13-35
141            android:exported="true"
141-->[androidx.profileinstaller:profileinstaller:1.4.0] AndroidManifest.xml:38:13-36
142            android:permission="android.permission.DUMP" >
142-->[androidx.profileinstaller:profileinstaller:1.4.0] AndroidManifest.xml:39:13-57
143            <intent-filter>
143-->[androidx.profileinstaller:profileinstaller:1.4.0] AndroidManifest.xml:40:13-42:29
144                <action android:name="androidx.profileinstaller.action.INSTALL_PROFILE" />
144-->[androidx.profileinstaller:profileinstaller:1.4.0] AndroidManifest.xml:41:17-91
144-->[androidx.profileinstaller:profileinstaller:1.4.0] AndroidManifest.xml:41:25-88
145            </intent-filter>
146            <intent-filter>
146-->[androidx.profileinstaller:profileinstaller:1.4.0] AndroidManifest.xml:43:13-45:29
147                <action android:name="androidx.profileinstaller.action.SKIP_FILE" />
147-->[androidx.profileinstaller:profileinstaller:1.4.0] AndroidManifest.xml:44:17-85
147-->[androidx.profileinstaller:profileinstaller:1.4.0] AndroidManifest.xml:44:25-82
148            </intent-filter>
149            <intent-filter>
149-->[androidx.profileinstaller:profileinstaller:1.4.0] AndroidManifest.xml:46:13-48:29
150                <action android:name="androidx.profileinstaller.action.SAVE_PROFILE" />
150-->[androidx.profileinstaller:profileinstaller:1.4.0] AndroidManifest.xml:47:17-88
150-->[androidx.profileinstaller:profileinstaller:1.4.0] AndroidManifest.xml:47:25-85
151            </intent-filter>
152            <intent-filter>
152-->[androidx.profileinstaller:profileinstaller:1.4.0] AndroidManifest.xml:49:13-51:29
153                <action android:name="androidx.profileinstaller.action.BENCHMARK_OPERATION" />
153-->[androidx.profileinstaller:profileinstaller:1.4.0] AndroidManifest.xml:50:17-95
153-->[androidx.profileinstaller:profileinstaller:1.4.0] AndroidManifest.xml:50:25-92
154            </intent-filter>
155        </receiver>
156    </application>
157
158</manifest>